<?xml version="1.0" encoding="UTF-8"?>
<testng-results skipped="0" failed="0" total="1" passed="1">
  <reporter-output>
  </reporter-output>
  <suite name="Default suite" duration-ms="43452" started-at="2019-12-27T16:16:47Z" finished-at="2019-12-27T16:17:30Z">
    <groups>
    </groups>
    <test name="Default test" duration-ms="43452" started-at="2019-12-27T16:16:47Z" finished-at="2019-12-27T16:17:30Z">
      <class name="com.TestRunner.ExecutionofTests">
        <test-method status="PASS" signature="testexecution()[pri:0, instance:com.TestRunner.ExecutionofTests@396a51ab]" name="testexecution" duration-ms="43358" started-at="2019-12-27T21:46:47Z" finished-at="2019-12-27T21:47:30Z">
          <reporter-output>
          </reporter-output>
        </test-method> <!-- testexecution -->
      </class> <!-- com.TestRunner.ExecutionofTests -->
    </test> <!-- Default test -->
  </suite> <!-- Default suite -->
</testng-results>
