<?xml version="1.0" encoding="UTF-8"?>
<testng-results skipped="0" failed="0" total="1" passed="1">
  <reporter-output>
  </reporter-output>
  <suite name="Default suite" duration-ms="54787" started-at="2019-12-24T11:58:11Z" finished-at="2019-12-24T11:59:06Z">
    <groups>
    </groups>
    <test name="Default test" duration-ms="54787" started-at="2019-12-24T11:58:11Z" finished-at="2019-12-24T11:59:06Z">
      <class name="com.TestRunner.ExecutionofTests">
        <test-method status="PASS" signature="testexecution()[pri:0, instance:com.TestRunner.ExecutionofTests@396a51ab]" name="testexecution" duration-ms="54745" started-at="2019-12-24T17:28:11Z" finished-at="2019-12-24T17:29:06Z">
          <reporter-output>
          </reporter-output>
        </test-method> <!-- testexecution -->
      </class> <!-- com.TestRunner.ExecutionofTests -->
    </test> <!-- Default test -->
  </suite> <!-- Default suite -->
</testng-results>
